TESTS WITH ERRORS 
test06_GM_8Puzzle_02 (gradingtests.UnitTests)
Traceback (most recent call last):
  File "C:\Users\kille\academics\automatedgradingapp\app\testing\uninformed-solvers\gradingtests.py", line 149, in test06_GM_8Puzzle_02
    self.assertEqual(p8.getGameState(), ((1,2,3,),(8,-1,4),(7,6,5)))
  File "C:\Users\kille\academics\automatedgradingapp\app\testing\uninformed-solvers\student_code_game_masters.py", line 222, in getGameState
    if str(asking[0].bindings[0].constant) == "empty":
TypeError: 'bool' object is not subscriptable

test08_GM_8Puzzle_04 (gradingtests.UnitTests)
Traceback (most recent call last):
  File "C:\Users\kille\academics\automatedgradingapp\app\testing\uninformed-solvers\gradingtests.py", line 195, in test08_GM_8Puzzle_04
    self.assertEqual(p8.getGameState(), ((1,2,3,),(8,-1,4),(7,6,5)))
  File "C:\Users\kille\academics\automatedgradingapp\app\testing\uninformed-solvers\student_code_game_masters.py", line 222, in getGameState
    if str(asking[0].bindings[0].constant) == "empty":
TypeError: 'bool' object is not subscriptable

test16_DFS_8Puzzle_02 (gradingtests.UnitTests)
Traceback (most recent call last):
  File "C:\Users\kille\academics\automatedgradingapp\app\testing\uninformed-solvers\gradingtests.py", line 346, in test16_DFS_8Puzzle_02
    solver = SolverDFS(p8,((1,2,3),(4,5,6),(7,8,-1)))
  File "C:\Users\kille\academics\automatedgradingapp\app\testing\uninformed-solvers\student_code_uninformed_solvers.py", line 9, in __init__
    super().__init__(gameMaster, victoryCondition)
  File "C:\Users\kille\academics\automatedgradingapp\app\testing\uninformed-solvers\solver.py", line 20, in __init__
    self.currentState = GameState(self.gm.getGameState(), 0, None)
  File "C:\Users\kille\academics\automatedgradingapp\app\testing\uninformed-solvers\student_code_game_masters.py", line 222, in getGameState
    if str(asking[0].bindings[0].constant) == "empty":
TypeError: 'bool' object is not subscriptable

test17_DFS_8Puzzle_03 (gradingtests.UnitTests)
Traceback (most recent call last):
  File "C:\Users\kille\academics\automatedgradingapp\app\testing\uninformed-solvers\gradingtests.py", line 365, in test17_DFS_8Puzzle_03
    solver = SolverDFS(p8,((1,2,3),(4,5,6),(7,8,-1)))
  File "C:\Users\kille\academics\automatedgradingapp\app\testing\uninformed-solvers\student_code_uninformed_solvers.py", line 9, in __init__
    super().__init__(gameMaster, victoryCondition)
  File "C:\Users\kille\academics\automatedgradingapp\app\testing\uninformed-solvers\solver.py", line 20, in __init__
    self.currentState = GameState(self.gm.getGameState(), 0, None)
  File "C:\Users\kille\academics\automatedgradingapp\app\testing\uninformed-solvers\student_code_game_masters.py", line 222, in getGameState
    if str(asking[0].bindings[0].constant) == "empty":
TypeError: 'bool' object is not subscriptable

test18_BFS_8Puzzle_01 (gradingtests.UnitTests)
Traceback (most recent call last):
  File "C:\Users\kille\academics\automatedgradingapp\app\testing\uninformed-solvers\gradingtests.py", line 390, in test18_BFS_8Puzzle_01
    [21, ((6, 5, 4), (1, -1, 8), (7, 3, 2))],
  File "C:\Users\kille\academics\automatedgradingapp\app\testing\uninformed-solvers\gradingtests.py", line 52, in runPlayXSteps
    results = self.pool.apply_async(self.playXSteps, [solver, plays]).get(timeout)
  File "C:\Program Files\Python37\lib\multiprocessing\pool.py", line 683, in get
    raise self._value
  File "C:\Program Files\Python37\lib\multiprocessing\pool.py", line 121, in worker
    result = (True, func(*args, **kwds))
  File "C:\Users\kille\academics\automatedgradingapp\app\testing\uninformed-solvers\gradingtests.py", line 27, in playXSteps
    solver.solveOneStep()
  File "C:\Users\kille\academics\automatedgradingapp\app\testing\uninformed-solvers\student_code_uninformed_solvers.py", line 130, in solveOneStep
    self.gm.makeMove(m)
  File "C:\Users\kille\academics\automatedgradingapp\app\testing\uninformed-solvers\student_code_game_masters.py", line 259, in makeMove
    emptyX = movable_statement.terms[3]
IndexError: list index out of range

test19_BFS_8Puzzle_02 (gradingtests.UnitTests)
Traceback (most recent call last):
  File "C:\Users\kille\academics\automatedgradingapp\app\testing\uninformed-solvers\gradingtests.py", line 409, in test19_BFS_8Puzzle_02
    [6, ((5, 4, 8), (6, 1, 2), (7, 3, -1))],
  File "C:\Users\kille\academics\automatedgradingapp\app\testing\uninformed-solvers\gradingtests.py", line 52, in runPlayXSteps
    results = self.pool.apply_async(self.playXSteps, [solver, plays]).get(timeout)
  File "C:\Program Files\Python37\lib\multiprocessing\pool.py", line 683, in get
    raise self._value
  File "C:\Program Files\Python37\lib\multiprocessing\pool.py", line 121, in worker
    result = (True, func(*args, **kwds))
  File "C:\Users\kille\academics\automatedgradingapp\app\testing\uninformed-solvers\gradingtests.py", line 27, in playXSteps
    solver.solveOneStep()
  File "C:\Users\kille\academics\automatedgradingapp\app\testing\uninformed-solvers\student_code_uninformed_solvers.py", line 130, in solveOneStep
    self.gm.makeMove(m)
  File "C:\Users\kille\academics\automatedgradingapp\app\testing\uninformed-solvers\student_code_game_masters.py", line 259, in makeMove
    emptyX = movable_statement.terms[3]
IndexError: list index out of range

test20_BFS_8Puzzle_03 (gradingtests.UnitTests)
Traceback (most recent call last):
  File "C:\Users\kille\academics\automatedgradingapp\app\testing\uninformed-solvers\gradingtests.py", line 422, in test20_BFS_8Puzzle_03
    solver = SolverBFS(p8,((1,2,3),(4,5,6),(7,8,-1)))
  File "C:\Users\kille\academics\automatedgradingapp\app\testing\uninformed-solvers\student_code_uninformed_solvers.py", line 69, in __init__
    super().__init__(gameMaster, victoryCondition)
  File "C:\Users\kille\academics\automatedgradingapp\app\testing\uninformed-solvers\solver.py", line 20, in __init__
    self.currentState = GameState(self.gm.getGameState(), 0, None)
  File "C:\Users\kille\academics\automatedgradingapp\app\testing\uninformed-solvers\student_code_game_masters.py", line 222, in getGameState
    if str(asking[0].bindings[0].constant) == "empty":
TypeError: 'bool' object is not subscriptable

-------------------------------
TESTS FAILED  
test07_GM_8Puzzle_03 (gradingtests.UnitTests)
Traceback (most recent call last):
  File "C:\Users\kille\academics\automatedgradingapp\app\testing\uninformed-solvers\gradingtests.py", line 175, in test07_GM_8Puzzle_03
    self.assertEqual(p8.getGameState(), ((5,1,4), (6,-1,8), (7,3,2)))
AssertionError: Tuples differ: ((5, 4, -1), (6, 1, 8), (7, 3, 2)) != ((5, 1, 4), (6, -1, 8), (7, 3, 2))

First differing element 0:
(5, 4, -1)
(5, 1, 4)

- ((5, 4, -1), (6, 1, 8), (7, 3, 2))
?       ----

+ ((5, 1, 4), (6, -1, 8), (7, 3, 2))
?      +++        +


test12_BFS_Hanoi_01 (gradingtests.UnitTests)
Traceback (most recent call last):
  File "C:\Users\kille\academics\automatedgradingapp\app\testing\uninformed-solvers\gradingtests.py", line 278, in test12_BFS_Hanoi_01
    [22, ((2,), (3,), (1,))],
  File "C:\Users\kille\academics\automatedgradingapp\app\testing\uninformed-solvers\gradingtests.py", line 55, in runPlayXSteps
    self.assertEqual(results[index], expected)
AssertionError: Tuples differ: ((1, 2, 3), (), ()) != ((), (3,), (1, 2))

First differing element 0:
(1, 2, 3)
()

- ((1, 2, 3), (), ())
+ ((), (3,), (1, 2))

test13_BFS_Hanoi_02 (gradingtests.UnitTests)
Traceback (most recent call last):
  File "C:\Users\kille\academics\automatedgradingapp\app\testing\uninformed-solvers\gradingtests.py", line 296, in test13_BFS_Hanoi_02
    [23, ((5,), (4,), (1, 2, 3))],
  File "C:\Users\kille\academics\automatedgradingapp\app\testing\uninformed-solvers\gradingtests.py", line 55, in runPlayXSteps
    self.assertEqual(results[index], expected)
AssertionError: Tuples differ: ((1, 2, 3, 4, 5), (), ()) != ((2, 3, 4, 5), (), (1,))

First differing element 0:
(1, 2, 3, 4, 5)
(2, 3, 4, 5)

- ((1, 2, 3, 4, 5), (), ())
+ ((2, 3, 4, 5), (), (1,))

test14_BFS_Hanoi_03 (gradingtests.UnitTests)
Traceback (most recent call last):
  File "C:\Users\kille\academics\automatedgradingapp\app\testing\uninformed-solvers\gradingtests.py", line 314, in test14_BFS_Hanoi_03
    [23, ((1, 4, 5), (), (2, 3))],
  File "C:\Users\kille\academics\automatedgradingapp\app\testing\uninformed-solvers\gradingtests.py", line 55, in runPlayXSteps
    self.assertEqual(results[index], expected)
AssertionError: Tuples differ: ((1, 2, 3, 4, 5), (), ()) != ((3, 4, 5), (1, 2), ())

First differing element 0:
(1, 2, 3, 4, 5)
(3, 4, 5)

- ((1, 2, 3, 4, 5), (), ())
+ ((3, 4, 5), (1, 2), ())

-------------------------------
TESTS SKIPPED 
-------------------------------
